==69582== NVPROF is profiling process 69582, command: /home/st3688/pytorch_env/py3.6.3/bin/python examples/imagenet/main.py -a alexnet -b 1024 --lr 0.01 --epochs 1 /scratch/st3688/imagenet_small_subset/
=> creating model 'alexnet'
Epoch: [0][ 0/20]	Time 52.342 (52.342)	Data 28.634 (28.634)	Loss 6.9082e+00 (6.9082e+00)	Acc@1   0.20 (  0.20)	Acc@5   0.68 (  0.68)
max gpu memory used = 2546955264
Total training time: 0:02:28.579180
Test: [ 0/10]	Time 31.134 (31.134)	Loss 6.9066e+00 (6.9066e+00)	Acc@1   0.00 (  0.00)	Acc@5   0.68 (  0.68)
 * Acc@1 0.070 Acc@5 0.400
Total validate time: 0:01:29.669966
==69582== Profiling application: /home/st3688/pytorch_env/py3.6.3/bin/python examples/imagenet/main.py -a alexnet -b 1024 --lr 0.01 --epochs 1 /scratch/st3688/imagenet_small_subset/
==69582== Profiling result:
            Type  Time(%)      Time     Calls       Avg       Min       Max  Name
 GPU activities:   20.45%  22.6267s     74544  303.54us  29.760us  835.92us  cgemm_sm35_ldg_tn_64x8x64x16x16
                    6.62%  7.32431s      9708  754.46us  307.10us  35.216ms  sgemm_sm_heavy_nn_ldg
                    6.23%  6.89269s      8988  766.88us  369.34us  35.142ms  sgemm_sm_heavy_nt_ldg
                    5.73%  6.34325s       156  40.662ms  23.268ms  44.109ms  void cudnn::detail::implicit_convolve_sgemm<float, float, int=1024, int=5, int=5, int=3, int=3, int=3, int=1, bool=1, bool=0, bool=1>(int, int, int, float const *, int, float*, cudnn::detail::implicit_convolve_sgemm<float, float, int=1024, int=5, int=5, int=3, int=3, int=3, int=1, bool=1, bool=0, bool=1>*, kernel_conv_params, int, float, float, int, float, float, int, int)
                    5.05%  5.59060s     13520  413.51us  146.69us  633.91us  void sgemm_largek_lds64<bool=0, bool=0, int=5, int=5, int=4, int=4, int=4, int=32>(float*, float const *, float const *, int, int, int, int, int, int, float const *, float const *, float, float, int, int, int*, int*)
                    5.05%  5.58664s       108  51.728ms  19.643ms  110.37ms  void cudnn::detail::implicit_convolve_sgemm<float, float, int=512, int=6, int=8, int=3, int=3, int=5, int=1, bool=1, bool=0, bool=1>(int, int, int, float const *, int, float*, cudnn::detail::implicit_convolve_sgemm<float, float, int=512, int=6, int=8, int=3, int=3, int=5, int=1, bool=1, bool=0, bool=1>*, kernel_conv_params, int, float, float, int, float, float, int, int)
                    3.62%  4.00960s        72  55.689ms  22.470ms  112.45ms  void cudnn::detail::wgrad_alg0_engine<float, int=128, int=6, int=8, int=3, int=3, int=5, bool=1, int=512>(int, int, int, float const *, int, cudnn::detail::wgrad_alg0_engine<float, int=128, int=6, int=8, int=3, int=3, int=5, bool=1, int=512>*, float const , kernel_grad_params, int, float, int, int, int, int)
                    3.61%  3.99860s       104  38.448ms  22.042ms  41.623ms  void cudnn::detail::wgrad_alg0_engine<float, int=512, int=6, int=5, int=3, int=3, int=3, bool=1, int=512>(int, int, int, float const *, int, cudnn::detail::wgrad_alg0_engine<float, int=512, int=6, int=5, int=3, int=3, int=3, bool=1, int=512>*, float const , kernel_grad_params, int, float, int, int, int, int)
                    3.57%  3.95259s       277  14.269ms  5.2801ms  54.697ms  cgemm_strided_batched_sm35_ldg_nt_64x8x64x16x16
                    3.34%  3.69523s       240  15.397ms  3.2423ms  23.555ms  void at::native::_GLOBAL__N__63_tmpxft_000083f9_00000000_11_DilatedMaxPool2d_compute_75_cpp1_ii_db999de0::max_pool_backward_nchw<float, float>(int, float const *, long const *, int, int, int, int, int, int, int, int, int, int, int, int, int, int, at::native::_GLOBAL__N__63_tmpxft_000083f9_00000000_11_DilatedMaxPool2d_compute_75_cpp1_ii_db999de0::max_pool_backward_nchw<float, float>*)
                    3.29%  3.64382s        64  56.935ms  30.158ms  96.607ms  cudnn_dgrad_sm35_ldg_nt_64x16x128x8x32
                    2.34%  2.59197s     13930  186.07us  1.2150us  20.850ms  [CUDA memcpy HtoD]
                    2.25%  2.48806s      2360  1.0543ms  48.032us  7.9137ms  sgemm_sm35_ldg_nt_64x16x64x16x16
                    2.25%  2.48611s        57  43.616ms  19.022ms  96.636ms  cudnn_convolve_sgemm_sm35_ldg_nn_64x16x64x16x16
                    1.99%  2.20243s        57  38.639ms  22.467ms  63.707ms  void cudnn::winograd::winograd3x3Kernel<float, float, int=2, int=2, int=8, bool=0>(cudnn::maxwell::winograd::KernelParams)
                    1.89%  2.09092s      1100  1.9008ms  178.97us  4.7434ms  _ZN2at6native18elementwise_kernelILi512ELi1EZNS0_15gpu_kernel_implIZNS0_21threshold_kernel_implIfEEvRNS_14TensorIteratorET_S6_EUlffE_EEvS5_RKS6_EUliE0_EEviT1_
                    1.81%  1.99760s        90  22.196ms  4.3248ms  42.257ms  sgemm_sm35_ldg_tn_128x8x256x16x32
                    1.49%  1.64965s      6416  257.11us  34.143us  12.425ms  sgemm_sm35_ldg_nn_128x16x64x16x16
                    1.21%  1.33804s        24  55.752ms  21.478ms  117.29ms  void cudnn::detail::wgrad_alg1_engine<float, int=128, int=6, int=8, int=3, int=3, int=5, bool=1, bool=1>(int, int, int, float const *, int, float*, float const , kernel_grad_params, int, float, float, int, int, int*, kernel_grad_params, int, int)
                    1.11%  1.22296s       360  3.3971ms  699.99us  5.0413ms  void at::native::_GLOBAL__N__63_tmpxft_000083f9_00000000_11_DilatedMaxPool2d_compute_75_cpp1_ii_db999de0::max_pool_forward_nchw<float, float>(int, float const *, int, int, int, int, int, int, int, int, int, int, int, int, int, int, at::native::_GLOBAL__N__63_tmpxft_000083f9_00000000_11_DilatedMaxPool2d_compute_75_cpp1_ii_db999de0::max_pool_forward_nchw<float, float>*, long*)
                    1.06%  1.17376s       854  1.3744ms  536.51us  1.9655ms  void fft2d_r2c_16x16<float>(float2*, float const *, int, int, int, int, int, int, int, int)
                    0.88%  973.82ms       120  8.1152ms  996.15us  29.832ms  ncclBroadcastRingLLKernel_copy_i8(ncclColl)
                    0.84%  925.24ms       547  1.6915ms  636.25us  2.3041ms  void cudnn::winograd_nonfused::winogradForwardOutput4x4<float, float>(cudnn::winograd_nonfused::WinogradOutputParams<float, float>)
                    0.83%  921.46ms        24  38.394ms  26.679ms  50.333ms  void cudnn::detail::wgrad_alg0_engine<float, int=128, int=6, int=7, int=3, int=3, int=5, bool=1, int=512>(int, int, int, float const *, int, cudnn::detail::wgrad_alg0_engine<float, int=128, int=6, int=7, int=3, int=3, int=5, bool=1, int=512>*, float const , kernel_grad_params, int, float, int, int, int, int)
                    0.82%  908.51ms       547  1.6609ms  632.60us  2.2915ms  void cudnn::winograd_nonfused::winogradForwardData4x4<float, float>(cudnn::winograd_nonfused::WinogradDataParams<float, float>)
                    0.79%  872.99ms        27  32.333ms  25.026ms  46.163ms  void cudnn::detail::implicit_convolve_sgemm<float, float, int=128, int=6, int=7, int=3, int=3, int=5, int=1, bool=1, bool=0, bool=1>(int, int, int, float const *, int, float*, cudnn::detail::implicit_convolve_sgemm<float, float, int=128, int=6, int=7, int=3, int=3, int=5, int=1, bool=1, bool=0, bool=1>*, kernel_conv_params, int, float, float, int, float, float, int, int)
                    0.73%  809.97ms         8  101.25ms  70.279ms  132.35ms  void cudnn::detail::dgrad_alg1_engine<float, int=512, int=6, int=5, int=3, int=3, int=3, bool=1, bool=0>(int, int, int, float const *, int, float const , int, cudnn::detail::dgrad_alg1_engine<float, int=512, int=6, int=5, int=3, int=3, int=3, bool=1, bool=0>*, kernel_grad_params, int, int, float, int)
                    0.65%  720.28ms      3228  223.14us  113.28us  1.5531ms  sgemm_sm35_ldg_nt_128x16x64x16x16
                    0.63%  701.65ms       427  1.6432ms  721.27us  2.6578ms  void fft2d_c2r_16x16<float, bool=0>(float*, float2*, int, int, int, int, int, int, int, int, int, int, float, float, int, float*, float*)
                    0.62%  681.73ms       400  1.7043ms  476.19us  4.4243ms  void calc_bias_diff<int=2, float, float, int=128, int=0>(cudnnTensorStruct, float const *, cudnnTensorStruct, float*, float, float, int)
                    0.53%  586.43ms       480  1.2217ms  411.87us  2.3402ms  void add_tensor_kernel_v3<int=2, float, float, int=32, int=1, int=4, int=2, int=2>(cudnnTensorStruct, float*, cudnnTensorStruct, float const *, float, float, int, int, int)
                    0.51%  569.38ms        16  35.586ms  20.103ms  55.762ms  void cudnn::detail::dgrad_alg1_engine<float, int=128, int=6, int=8, int=3, int=3, int=5, bool=1, bool=0>(int, int, int, float const *, int, float const , int, cudnn::detail::dgrad_alg1_engine<float, int=128, int=6, int=8, int=3, int=3, int=5, bool=1, bool=0>*, kernel_grad_params, int, int, float, int)
                    0.50%  553.24ms     13520  40.920us  2.6560us  122.40us  void scal_kernel<float, float, int=1, bool=1, int=6, int=5, int=5, int=3>(cublasTransposeParams<float>, float const *, float*, float const *)
                    0.47%  519.92ms        30  17.331ms  9.4320ms  17.763ms  void at::native::_GLOBAL__N__69_tmpxft_00007f5c_00000000_11_AdaptiveAveragePooling_compute_75_cpp1_ii_eb1948c3::adaptive_average_pool<float>(float*, float, int, int, int, int, long, long, long)
                    0.47%  514.51ms       423  1.2163ms  94.367us  12.341ms  void flip_filter<float, float>(float*, float const *, int, int, int, int)
                    0.44%  481.40ms       240  2.0058ms  498.81us  3.0052ms  void fft2d_c2r_32x32<float, bool=0, bool=0, unsigned int=0, bool=0, bool=0>(float*, float2 const *, int, int, int, int, int, int, int, int, int, float, float, cudnn::reduced_divisor, bool, float*, float*, int2, int, int)
                    0.41%  451.77ms        57  7.9257ms  1.7804ms  20.690ms  void im2col4d_kernel<float, int>(im2col4d_params, cudnnConvolutionStruct, cudnnTensor4dStruct, float const *, float*, int)
                    0.41%  450.50ms        88  5.1194ms  2.6527ms  5.4255ms  void cudnn::winograd_nonfused::winogradWgradDelta9x9_5x5<float, float>(cudnn::winograd_nonfused::WinogradDeltaParams<float, float>)
                    0.39%  428.98ms       120  3.5748ms  1.9424ms  3.6648ms  void add_tensor_kernel_v3<int=2, float, float, int=128, int=1, int=1, int=4, int=2>(cudnnTensorStruct, float*, cudnnTensorStruct, float const *, float, float, int, int, int)
                    0.38%  418.74ms      1248  335.53us  2.2720us  3.3563ms  _ZN2at6native18elementwise_kernelILi512ELi1EZNS0_15gpu_kernel_implIZZZNS0_15add_kernel_cudaERNS_14TensorIteratorEN3c106ScalarEENKUlvE_clEvENKUlvE2_clEvEUlffE_EEvS4_RKT_EUliE0_EEviT1_
                    0.38%  417.93ms       256  1.6325ms  497.47us  2.9703ms  void fft2d_r2c_32x32<float, bool=0, unsigned int=0, bool=0>(float2*, float const *, int, int, int, int, int, int, int, int, int, cudnn::reduced_divisor, bool, int2, int, int)
                    0.37%  411.10ms       175  2.3491ms  1.7600us  100.84ms  [CUDA memcpy DtoH]
                    0.36%  403.08ms      2028  198.76us  46.847us  274.65us  sgemm_sm35_ldg_nn_64x16x64x16x16
                    0.35%  386.40ms         8  48.301ms  33.952ms  62.969ms  void cudnn::detail::dgrad_alg1_engine<float, int=128, int=6, int=7, int=3, int=3, int=5, bool=1, bool=0>(int, int, int, float const *, int, float const , int, cudnn::detail::dgrad_alg1_engine<float, int=128, int=6, int=7, int=3, int=3, int=5, bool=1, bool=0>*, kernel_grad_params, int, int, float, int)
                    0.34%  377.67ms      1892  199.62us  55.807us  751.67us  sgemm_sm35_ldg_nn_128x8x128x16x16
                    0.30%  330.10ms        20  16.505ms  8.9769ms  16.920ms  void at::native::_GLOBAL__N__69_tmpxft_00007f5c_00000000_11_AdaptiveAveragePooling_compute_75_cpp1_ii_eb1948c3::atomic_adaptive_average_gradinput<float>(float*, float, int, int, int, int)
                    0.27%  303.60ms         8  37.950ms  26.557ms  49.608ms  void cudnn::detail::wgrad_alg1_engine<float, int=512, int=6, int=5, int=3, int=3, int=3, bool=1, bool=1>(int, int, int, float const *, int, float*, float const , kernel_grad_params, int, float, float, int, int, int*, kernel_grad_params, int, int)
                    0.27%  293.95ms         8  36.744ms  25.595ms  47.989ms  void cudnn::detail::wgrad_alg1_engine<float, int=128, int=6, int=7, int=3, int=3, int=5, bool=1, bool=1>(int, int, int, float const *, int, float*, float const , kernel_grad_params, int, float, float, int, int, int*, kernel_grad_params, int, int)
                    0.26%  282.33ms       584  483.45us  1.8240us  1.5683ms  _ZN2at6native18elementwise_kernelILi512ELi1EZNS0_15gpu_kernel_implIZZZNS0_16fill_kernel_cudaERNS_14TensorIteratorEN3c106ScalarEENKUlvE_clEvENKUlvE2_clEvEUlvE_EEvS4_RKT_EUliE0_EEviT1_
                    0.24%  270.08ms        81  3.3343ms  1.4164ms  5.3417ms  void fft2d_r2c_32x32<float, bool=0, unsigned int=1, bool=0>(float2*, float const *, int, int, int, int, int, int, int, int, int, cudnn::reduced_divisor, bool, int2, int, int)
                    0.23%  251.39ms       108  2.3277ms  1.1763ms  6.5462ms  void cudnn::winograd_nonfused::winogradForwardData9x9_5x5<float, float>(cudnn::winograd_nonfused::WinogradDataParams<float, float>)
                    0.20%  216.11ms       576  375.19us  236.41us  764.44us  sgemm_sm35_ldg_nt_128x8x128x16x16
                    0.17%  185.35ms        80  2.3169ms  828.41us  6.9029ms  ncclReduceRingLLKernel_sum_f32(ncclColl)
                    0.13%  143.46ms        65  2.2071ms  530.78us  4.6170ms  void fft2d_c2r_32x32<float, bool=0, bool=0, unsigned int=1, bool=0, bool=0>(float*, float2 const *, int, int, int, int, int, int, int, int, int, float, float, cudnn::reduced_divisor, bool, float*, float*, int2, int, int)
                    0.12%  133.14ms        33  4.0347ms  3.2586ms  5.0145ms  void fft2d_r2c_32x32<float, bool=0, unsigned int=1, bool=1>(float2*, float const *, int, int, int, int, int, int, int, int, int, cudnn::reduced_divisor, bool, int2, int, int)
                    0.09%  96.060ms       364  263.90us  2.7200us  3.0926ms  _ZN2at6native18elementwise_kernelILi512ELi1EZNS0_15gpu_kernel_implIZNS0_23gpu_kernel_with_scalarsIZZZNS0_15mul_kernel_cudaERNS_14TensorIteratorEENKUlvE_clEvENKUlvE2_clEvEUlffE_EEvS5_RKT_EUlfE0_EEvS5_SB_EUliE_EEviT1_
                    0.08%  90.202ms        30  3.0067ms  1.6484ms  3.1310ms  void gatherTopK<float, unsigned int, int=2, bool=1>(TensorInfo<float, unsigned int>, unsigned int, unsigned int, unsigned int, unsigned int, TensorInfo<float, unsigned int>, unsigned int, unsigned int, TensorInfo<long, unsigned int>, unsigned int)
                    0.07%  73.056ms       132  553.45us  545.05us  561.56us  void fft2d_r2c_32x32<float, bool=0, unsigned int=5, bool=1>(float2*, float const *, int, int, int, int, int, int, int, int, int, cudnn::reduced_divisor, bool, int2, int, int)
                    0.06%  65.467ms        20  3.2733ms  1.0473ms  5.7641ms  void cudnn::winograd_nonfused::winogradForwardOutput9x9_5x5<float, float>(cudnn::winograd_nonfused::WinogradOutputParams<float, float>)
                    0.05%  59.800ms       108  553.71us  545.92us  562.14us  void fft2d_r2c_32x32<float, bool=0, unsigned int=5, bool=0>(float2*, float const *, int, int, int, int, int, int, int, int, int, cudnn::reduced_divisor, bool, int2, int, int)
                    0.05%  59.380ms       547  108.56us  84.351us  135.42us  void cudnn::winograd_nonfused::winogradForwardFilter4x4<float, float>(cudnn::winograd_nonfused::WinogradFilterParams<float, float>)
                    0.05%  57.960ms        50  1.1592ms  631.83us  1.1919ms  [CUDA memcpy PtoP]
                    0.04%  38.786ms         6  6.4643ms  2.1825ms  12.445ms  sgemm_sm35_ldg_tn_64x16x128x8x32
                    0.03%  36.407ms        28  1.3003ms  784.44us  2.2263ms  void cudnn::winograd_nonfused::winogradWgradDelta4x4<float, float>(cudnn::winograd_nonfused::WinogradDeltaParams<float, float>)
                    0.03%  33.076ms       676  48.929us  27.872us  92.734us  sgemm_sm35_ldg_nn_64x16x128x8x32
                    0.03%  31.880ms        28  1.1386ms  588.03us  2.2209ms  void cudnn::winograd_nonfused::winogradWgradData4x4<float, float>(cudnn::winograd_nonfused::WinogradDataParams<float, float>)
                    0.03%  30.922ms         4  7.7306ms  7.7073ms  7.7447ms  void fermiPlusCgemmLDS128_batched<bool=1, bool=0, bool=0, bool=0, int=4, int=4, int=4, int=3, int=3, bool=1, bool=0>(float2* const *, float2* const *, float2* const *, float2*, float2 const *, float2 const *, int, int, int, int, int, int, __int64, __int64, __int64, float2 const *, float2 const *, float2, float2, int)
                    0.03%  29.675ms        96  309.12us  148.93us  560.60us  void scalePackedTensor_kernel<float, float>(cudnnTensor4dStruct, float*, float)
                    0.02%  25.501ms        40  637.53us  222.78us  960.34us  void at::native::_GLOBAL__N__54_tmpxft_0000849d_00000000_11_Dropout_compute_75_cpp1_ii_275f3a05::fused_dropout_kernel<float, float, unsigned int, int=1>(at::cuda::detail::TensorInfo<float, unsigned int>, unsigned int, at::cuda::detail<unsigned char, float>, float, float, std::pair<unsigned long, unsigned long>)
                    0.02%  20.793ms        40  519.82us  172.32us  750.23us  _ZN2at4cuda78_GLOBAL__N__54_tmpxft_0000849d_00000000_11_Dropout_compute_75_cpp1_ii_275f3a0521kernelPointwiseApply3IZNS_6native78_GLOBAL__N__54_tmpxft_0000849d_00000000_11_Dropout_compute_75_cpp1_ii_275f3a0519masked_scale_kernelIffEEvRNS_6TensorES6_S6_T0_EUlRfRKfhE_ffhjLi1ELi1ELi1ELi1EEEvNS0_6detail10TensorInfoIS8_T3_EENSE_IT1_SF_EENSE_IT2_SF_EESF_T_
                    0.02%  16.771ms       110  152.46us  150.01us  157.53us  void CatArrayBatchedCopy<float, unsigned int, int=1>(float*, CatArrInputTensor<float, unsigned int>*, OutputTensorSizeStride<unsigned int, unsigned int=4>, int, unsigned int)
                    0.01%  14.167ms        88  160.99us  155.52us  165.37us  void cudnn::winograd_nonfused::winogradWgradOutput9x9_5x5<float, float>(cudnn::winograd_nonfused::WinogradWgradOutputParams<float, float>)
                    0.01%  12.474ms        90  138.60us  31.711us  189.37us  _ZN2at6native18elementwise_kernelILi128ELi4EZNS0_15gpu_kernel_implIZZZNS0_21copy_device_to_deviceERNS_14TensorIteratorEbENKUlvE_clEvENKUlvE2_clEvEUlfE_EEvS4_RKT_EUliE2_EEviT1_
                    0.01%  7.2863ms        46  158.40us  2.2720us  2.0754ms  [CUDA memcpy DtoD]
                    0.01%  7.0474ms       120  58.728us  8.2880us  152.13us  _ZN2at6native13reduce_kernelILi512ENS0_8ReduceOpIfNS0_14func_wrapper_tIfZNS0_15sum_kernel_implIfffEEvRNS_14TensorIteratorEEUlffE_EEjfLi4EEEEEvT0_
                    0.00%  3.6886ms        57  64.711us  53.311us  79.871us  void cudnn::winograd::generateWinogradTilesKernel<int=0, float, float>(cudnn::winograd::GenerateWinogradTilesParams<float, float>)
                    0.00%  3.0500ms        28  108.93us  88.414us  139.58us  void cudnn::winograd_nonfused::winogradWgradOutput4x4<float, float>(cudnn::winograd_nonfused::WinogradWgradOutputParams<float, float>)
                    0.00%  2.3185ms        30  77.282us  44.159us  82.910us  void _GLOBAL__N__54_tmpxft_00008e34_00000000_11_SoftMax_compute_75_cpp1_ii_a3310042::softmax_warp_forward<float, float, float, int=10, bool=1>(float*, float const *, int, int, int)
                    0.00%  2.2768ms        20  113.84us  68.351us  119.10us  void _GLOBAL__N__54_tmpxft_00008e34_00000000_11_SoftMax_compute_75_cpp1_ii_a3310042::softmax_warp_backward<float, float, float, int=10, bool=1>(float*, float const *, float const , int, int, int)
                    0.00%  2.2367ms        30  74.557us  46.303us  76.639us  void bitonicSortKVInPlace<float, long, int=2, int=-1, GTComp<float, bool=1>, unsigned int, int=32>(TensorInfo<float, bool=1>, bool=1, bool=1, bool=1, TensorInfo<long, bool=1>, bool=1, float)
                    0.00%  2.2258ms        30  74.194us  43.520us  77.311us  void cunn_ClassNLLCriterion_updateOutput_kernel<float, float>(float*, float*, float*, long*, float*, int, int, int, int, long)
                    0.00%  2.1079ms        20  105.40us  102.75us  108.80us  void cudnn::winograd_nonfused::winogradForwardFilter9x9_5x5<float, float>(cudnn::winograd_nonfused::WinogradFilterParams<float, float>)
                    0.00%  1.3355ms        20  66.775us  39.007us  68.703us  void cunn_ClassNLLCriterion_updateGradInput_kernel<float>(float*, float*, long*, float*, float*, int, int, int, int, long)
                    0.00%  751.07us        30  25.035us  23.680us  26.304us  _ZN2at6native18elementwise_kernelILi128ELi4EZNS0_15gpu_kernel_implIZZZNS0_14eq_kernel_cudaERNS_14TensorIteratorEENKUlvE_clEvENKUlvE4_clEvEUlllE_EEvS4_RKT_EUliE1_EEviT1_
                    0.00%  656.66us       324  2.0260us  1.0880us  4.8000us  [CUDA memset]
                    0.00%  279.07us        60  4.6510us  3.3280us  6.1440us  _ZN2at6native18elementwise_kernelILi128ELi4EZNS0_15gpu_kernel_implIZZZNS0_15div_kernel_cudaERNS_14TensorIteratorEENKUlvE_clEvENKUlvE0_clEvEUlfE_EEvS4_RKT_EUliE1_EEviT1_
                    0.00%  278.49us        60  4.6410us  4.1600us  5.3120us  _ZN2at6native18elementwise_kernelILi512ELi1EZNS0_15gpu_kernel_implIZZZNS0_21copy_device_to_deviceERNS_14TensorIteratorEbENKUlvE_clEvENKUlvE2_clEvEUlfE_EEvS4_RKT_EUliE_EEviT1_
                    0.00%  270.59us        60  4.5090us  3.2320us  6.3360us  _ZN2at6native18elementwise_kernelILi128ELi4EZNS0_15gpu_kernel_implIZNS0_23gpu_kernel_with_scalarsIZZZNS0_15mul_kernel_cudaERNS_14TensorIteratorEENKUlvE_clEvENKUlvE2_clEvEUlffE_EEvS5_RKT_EUlfE0_EEvS5_SB_EUliE1_EEviT1_
                    0.00%  216.61us        56  3.8670us  3.1040us  4.7040us  _ZN2at6native18elementwise_kernelILi128ELi4EZNS0_15gpu_kernel_implIZZZNS0_15add_kernel_cudaERNS_14TensorIteratorEN3c106ScalarEENKUlvE_clEvENKUlvE2_clEvEUlffE_EEvS4_RKT_EUliE2_EEviT1_
                    0.00%  90.207us        20  4.5100us  4.3520us  4.7360us  _ZN2at6native18elementwise_kernelILi128ELi4EZNS0_15gpu_kernel_implIZZZNS0_16fill_kernel_cudaERNS_14TensorIteratorEN3c106ScalarEENKUlvE_clEvENKUlvE2_clEvEUlvE_EEvS4_RKT_EUliE2_EEviT1_
                    0.00%  19.360us         4  4.8400us  4.8320us  4.8640us  compute_gemm_pointers(float2**, float2 const *, int, float2 const *, int, float2 const *, int, int)
                    0.00%  19.295us         4  4.8230us  3.3600us  6.2080us  _ZN2at6native18elementwise_kernelILi128ELi4EZNS0_15gpu_kernel_implIZNS0_23gpu_kernel_with_scalarsIZZZNS0_15add_kernel_cudaERNS_14TensorIteratorEN3c106ScalarEENKUlvE_clEvENKUlvE2_clEvEUlffE_EEvS5_RKT_EUlfE0_EEvS5_SD_EUliE1_EEviT1_
                    0.00%  6.9760us         1  6.9760us  6.9760us  6.9760us  _ZN2at6native18elementwise_kernelILi128ELi4EZNS0_15gpu_kernel_implIZNS0_23gpu_kernel_with_scalarsIZZZNS0_14gt_kernel_cudaERNS_14TensorIteratorEENKUlvE_clEvENKUlvE2_clEvEUlffE_EEvS5_RKT_EUlfE0_EEvS5_SB_EUliE1_EEviT1_
                    0.00%  6.8160us         1  6.8160us  6.8160us  6.8160us  _ZN2at6native18elementwise_kernelILi128ELi4EZNS0_15gpu_kernel_implIZNS0_23gpu_kernel_with_scalarsIZZZNS0_14lt_kernel_cudaERNS_14TensorIteratorEENKUlvE_clEvENKUlvE2_clEvEUlffE_EEvS5_RKT_EUlfE0_EEvS5_SB_EUliE1_EEviT1_
      API calls:   41.35%  34.0841s       840  40.576ms  4.3080us  356.41ms  cudaEventSynchronize
                   14.93%  12.3044s       288  42.724ms  1.1020us  4.15587s  cudaStreamCreateWithPriority
                   12.07%  9.94865s       426  23.354ms  16.782us  3.56139s  cudaMalloc
                   11.23%  9.25260s     14034  659.30us  4.6890us  532.71ms  cudaMemcpyAsync
                   10.05%  8.28681s       339  24.445ms     716ns  307.77ms  cudaFree
                    3.01%  2.48117s    149454  16.601us  5.3390us  49.215ms  cudaLaunchKernel
                    2.92%  2.40795s       178  13.528ms  2.3070us  20.873ms  cudaStreamSynchronize
                    1.88%  1.54581s        36  42.939ms  54.686us  464.61ms  cudaHostAlloc
                    0.45%  373.27ms      1218  306.46us     649ns  362.98ms  cudaEventCreateWithFlags
                    0.39%  325.30ms        67  4.8552ms  8.6950us  102.04ms  cudaMemcpy
                    0.29%  236.22ms       129  1.8312ms  471.05us  4.9233ms  cudaMemGetInfo
                    0.19%  158.67ms       781  203.16us  2.1370us  141.10ms  cudaBindTexture
                    0.19%  153.56ms      1215  126.38us     497ns  69.905ms  cudaEventDestroy
                    0.18%  146.94ms     52309  2.8090us     534ns  1.3381ms  cudaEventRecord
                    0.17%  143.99ms        88  1.6363ms  2.3060us  131.49ms  cudaStreamCreateWithFlags
                    0.16%  132.54ms     62521  2.1190us     583ns  1.3412ms  cudaEventQuery
                    0.15%  125.58ms     45690  2.7480us     582ns  13.211ms  cudaStreamWaitEvent
                    0.10%  85.616ms    169120     506ns     105ns  1.1948ms  cudaGetLastError
                    0.08%  68.429ms     56528  1.2100us     262ns  936.52us  cudaGetDevice
                    0.04%  35.792ms       781  45.827us     564ns  33.896ms  cudaUnbindTexture
                    0.04%  32.425ms     30837  1.0510us     285ns  27.410us  cudaSetDevice
                    0.03%  22.728ms        16  1.4205ms  914.05us  2.0976ms  cudaHostRegister
                    0.02%  18.480ms      9650  1.9150us     455ns  817.27us  cudaStreamGetPriority
                    0.01%  10.453ms       292  35.798us  6.1990us  363.10us  cudaMemsetAsync
                    0.01%  9.5626ms       836  11.438us  3.3720us  3.4601ms  cudaEventElapsedTime
                    0.01%  7.5318ms       764  9.8580us     134ns  426.98us  cuDeviceGetAttribute
                    0.01%  6.5787ms         8  822.34us  755.08us  852.15us  cudaGetDeviceProperties
                    0.01%  5.7162ms         8  714.52us  485.61us  937.34us  cuDeviceTotalMem
                    0.00%  4.0364ms        10  403.64us  21.829us  1.4127ms  cudaDeviceEnablePeerAccess
                    0.00%  2.0619ms       277  7.4430us  2.7070us  144.35us  cudaEventCreate
                    0.00%  1.3448ms        60  22.413us  4.5120us  80.267us  cudaPointerGetAttributes
                    0.00%  696.02us         8  87.002us  71.110us  122.14us  cuDeviceGetName
                    0.00%  684.79us        32  21.399us  5.3130us  77.664us  cudaMemset
                    0.00%  556.77us        34  16.375us  5.9360us  35.127us  cudaDeviceCanAccessPeer
                    0.00%  309.39us       128  2.4170us  1.1620us  14.693us  cudaDeviceGetPCIBusId
                    0.00%  234.25us       301     778ns     357ns  2.6370us  cudaDeviceGetAttribute
                    0.00%  224.01us       240     933ns     102ns  17.818us  cudaGetDeviceCount
                    0.00%  133.92us        72  1.8600us     170ns  18.899us  cuDevicePrimaryCtxGetState
                    0.00%  85.982us        24  3.5820us  1.9880us  5.6240us  cudaHostGetDevicePointer
                    0.00%  17.276us         8  2.1590us  1.3190us  3.0470us  cudaDeviceGetStreamPriorityRange
                    0.00%  7.2870us        12     607ns     235ns  2.9800us  cuDeviceGet
                    0.00%  3.8320us         4     958ns     269ns  2.6800us  cuDeviceGetCount
                    0.00%  2.1780us         8     272ns     148ns     478ns
                    0.00%  2.1510us         1  2.1510us  2.1510us  2.1510us  cuInit
                    0.00%  1.8300us         1  1.8300us  1.8300us  1.8300us  cuDriverGetVersion
